<?xml version="1.0" encoding="UTF-8"?>
<!-- Generated by org.testng.reporters.JUnitReportReporter -->
<testsuite hostname="fdbccbae305607503caddfedbbbeone-0" failures="0" tests="1" name="runner.Testcase1" time="7.091" errors="0" timestamp="2023-09-29T19:09:11 UTC" skipped="0">
  <testcase classname="runner.Testcase1" name="toyspg" time="7.091"/>
</testsuite> <!-- runner.Testcase1 -->
