<?xml version="1.0" encoding="UTF-8"?>
<!-- Generated by org.testng.reporters.JUnitReportReporter -->
<testsuite hostname="fdbccbae305607503caddfedbbbeone-0" failures="0" tests="1" name="runner.Testcase3" time="5.381" errors="0" timestamp="2023-09-29T19:13:36 UTC" skipped="0">
  <testcase classname="runner.Testcase3" name="cartpg" time="5.381"/>
</testsuite> <!-- runner.Testcase3 -->
